<?xml version="1.0" encoding="UTF-8"?>
<!-- Generated by org.testng.reporters.JUnitReportReporter -->
<testsuite hostname="MAniRay" failures="0" tests="1" name="TestPackage.Tc_googleLunch_01_Test" time="12.667" errors="0" timestamp="2025-03-18T12:05:01 IST" skipped="0">
  <testcase classname="TestPackage.Tc_googleLunch_01_Test" name="lunchGoogle" time="12.667"/>
</testsuite> <!-- TestPackage.Tc_googleLunch_01_Test -->
